<?xml version="1.0" encoding="UTF-8"?>
<coverage generated="1653870128048" clover="3.2.0">
  <project timestamp="1653870128048" name="All files">
    <metrics statements="70" coveredstatements="43" conditionals="32" coveredconditionals="12" methods="7" coveredmethods="7" elements="109" coveredelements="62" complexity="0" loc="70" ncloc="70" packages="1" files="5" classes="5"/>
    <file name="array.validator.ts" path="/Users/frankely/Code/slash/json-schema-validator/src/validators/array.validator.ts">
      <metrics statements="29" coveredstatements="16" conditionals="12" coveredconditionals="2" methods="2" coveredmethods="2"/>
      <line num="1" count="2" type="stmt"/>
      <line num="2" count="2" type="stmt"/>
      <line num="3" count="2" type="stmt"/>
      <line num="4" count="2" type="stmt"/>
      <line num="6" count="2" type="stmt"/>
      <line num="7" count="2" type="stmt"/>
      <line num="8" count="2" type="stmt"/>
      <line num="10" count="2" type="cond" truecount="0" falsecount="1"/>
      <line num="11" count="0" type="stmt"/>
      <line num="14" count="2" type="stmt"/>
      <line num="16" count="2" type="stmt"/>
      <line num="17" count="2" type="cond" truecount="2" falsecount="4"/>
      <line num="19" count="1" type="cond" truecount="0" falsecount="1"/>
      <line num="20" count="0" type="stmt"/>
      <line num="22" count="1" type="stmt"/>
      <line num="25" count="0" type="cond" truecount="0" falsecount="1"/>
      <line num="26" count="0" type="stmt"/>
      <line num="28" count="0" type="stmt"/>
      <line num="31" count="0" type="cond" truecount="0" falsecount="1"/>
      <line num="32" count="0" type="stmt"/>
      <line num="34" count="0" type="stmt"/>
      <line num="37" count="1" type="cond" truecount="0" falsecount="1"/>
      <line num="38" count="0" type="stmt"/>
      <line num="40" count="1" type="stmt"/>
      <line num="43" count="0" type="cond" truecount="0" falsecount="1"/>
      <line num="44" count="0" type="stmt"/>
      <line num="46" count="0" type="stmt"/>
      <line num="49" count="0" type="stmt"/>
      <line num="54" count="2" type="stmt"/>
    </file>
    <file name="boolean.validator.ts" path="/Users/frankely/Code/slash/json-schema-validator/src/validators/boolean.validator.ts">
      <metrics statements="2" coveredstatements="2" conditionals="2" coveredconditionals="2" methods="1" coveredmethods="1"/>
      <line num="1" count="3" type="stmt"/>
      <line num="2" count="3" type="stmt"/>
    </file>
    <file name="number.validator.ts" path="/Users/frankely/Code/slash/json-schema-validator/src/validators/number.validator.ts">
      <metrics statements="2" coveredstatements="2" conditionals="2" coveredconditionals="2" methods="1" coveredmethods="1"/>
      <line num="1" count="3" type="stmt"/>
      <line num="2" count="2" type="cond" truecount="2" falsecount="0"/>
    </file>
    <file name="object.validator.ts" path="/Users/frankely/Code/slash/json-schema-validator/src/validators/object.validator.ts">
      <metrics statements="33" coveredstatements="19" conditionals="15" coveredconditionals="5" methods="2" coveredmethods="2"/>
      <line num="1" count="2" type="stmt"/>
      <line num="2" count="2" type="stmt"/>
      <line num="3" count="2" type="stmt"/>
      <line num="4" count="2" type="stmt"/>
      <line num="6" count="2" type="stmt"/>
      <line num="7" count="4" type="stmt"/>
      <line num="8" count="4" type="cond" truecount="2" falsecount="0"/>
      <line num="9" count="4" type="stmt"/>
      <line num="11" count="4" type="cond" truecount="1" falsecount="0"/>
      <line num="12" count="2" type="stmt"/>
      <line num="13" count="2" type="stmt"/>
      <line num="16" count="2" type="cond" truecount="1" falsecount="0"/>
      <line num="17" count="1" type="stmt"/>
      <line num="21" count="3" type="stmt"/>
      <line num="22" count="4" type="stmt"/>
      <line num="24" count="4" type="cond" truecount="1" falsecount="5"/>
      <line num="26" count="4" type="cond" truecount="0" falsecount="1"/>
      <line num="27" count="0" type="stmt"/>
      <line num="29" count="4" type="stmt"/>
      <line num="32" count="0" type="cond" truecount="0" falsecount="1"/>
      <line num="33" count="0" type="stmt"/>
      <line num="35" count="0" type="stmt"/>
      <line num="38" count="0" type="cond" truecount="0" falsecount="1"/>
      <line num="39" count="0" type="stmt"/>
      <line num="41" count="0" type="stmt"/>
      <line num="44" count="0" type="cond" truecount="0" falsecount="1"/>
      <line num="45" count="0" type="stmt"/>
      <line num="47" count="0" type="stmt"/>
      <line num="50" count="0" type="cond" truecount="0" falsecount="1"/>
      <line num="51" count="0" type="stmt"/>
      <line num="53" count="0" type="stmt"/>
      <line num="56" count="0" type="stmt"/>
      <line num="61" count="3" type="stmt"/>
    </file>
    <file name="string.validator.ts" path="/Users/frankely/Code/slash/json-schema-validator/src/validators/string.validator.ts">
      <metrics statements="4" coveredstatements="4" conditionals="1" coveredconditionals="1" methods="1" coveredmethods="1"/>
      <line num="1" count="3" type="stmt"/>
      <line num="2" count="10" type="cond" truecount="1" falsecount="0"/>
      <line num="3" count="4" type="stmt"/>
      <line num="5" count="6" type="stmt"/>
    </file>
  </project>
</coverage>
