{"/Users/frankely/Code/slash/json-schema-validator/src/validators/array.validator.ts": {"path":"/Users/frankely/Code/slash/json-schema-validator/src/validators/array.validator.ts","statementMap":{"0":{"start":{"line":1,"column":0},"end":{"line":1,"column":53}},"1":{"start":{"line":2,"column":0},"end":{"line":2,"column":51}},"2":{"start":{"line":3,"column":0},"end":{"line":3,"column":51}},"3":{"start":{"line":4,"column":0},"end":{"line":4,"column":51}},"4":{"start":{"line":7,"column":23},"end":{"line":7,"column":61}},"5":{"start":{"line":8,"column":16},"end":{"line":8,"column":40}},"6":{"start":{"line":10,"column":2},"end":{"line":12,"column":null}},"7":{"start":{"line":11,"column":4},"end":{"line":11,"column":null}},"8":{"start":{"line":14,"column":16},"end":{"line":14,"column":46}},"9":{"start":{"line":16,"column":2},"end":{"line":52,"column":null}},"10":{"start":{"line":17,"column":4},"end":{"line":51,"column":null}},"11":{"start":{"line":19,"column":8},"end":{"line":21,"column":null}},"12":{"start":{"line":20,"column":10},"end":{"line":20,"column":null}},"13":{"start":{"line":22,"column":8},"end":{"line":22,"column":13}},"14":{"start":{"line":25,"column":8},"end":{"line":27,"column":null}},"15":{"start":{"line":26,"column":10},"end":{"line":26,"column":null}},"16":{"start":{"line":28,"column":8},"end":{"line":28,"column":13}},"17":{"start":{"line":31,"column":8},"end":{"line":33,"column":null}},"18":{"start":{"line":32,"column":10},"end":{"line":32,"column":null}},"19":{"start":{"line":34,"column":8},"end":{"line":34,"column":13}},"20":{"start":{"line":37,"column":8},"end":{"line":39,"column":null}},"21":{"start":{"line":38,"column":10},"end":{"line":38,"column":null}},"22":{"start":{"line":40,"column":8},"end":{"line":40,"column":13}},"23":{"start":{"line":43,"column":8},"end":{"line":45,"column":null}},"24":{"start":{"line":44,"column":10},"end":{"line":44,"column":null}},"25":{"start":{"line":46,"column":8},"end":{"line":46,"column":13}},"26":{"start":{"line":49,"column":8},"end":{"line":49,"column":null}},"27":{"start":{"line":54,"column":2},"end":{"line":54,"column":null}},"28":{"start":{"line":6,"column":0},"end":{"line":6,"column":16}}},"fnMap":{"0":{"name":"validateArray","decl":{"start":{"line":6,"column":16},"end":{"line":6,"column":29}},"loc":{"start":{"line":6,"column":64},"end":{"line":55,"column":1}}},"1":{"name":"(anonymous_1)","decl":{"start":{"line":16,"column":16},"end":{"line":16,"column":20}},"loc":{"start":{"line":16,"column":23},"end":{"line":52,"column":3}}}},"branchMap":{"0":{"loc":{"start":{"line":10,"column":2},"end":{"line":12,"column":null}},"type":"if","locations":[{"start":{"line":10,"column":2},"end":{"line":12,"column":null}}]},"1":{"loc":{"start":{"line":17,"column":4},"end":{"line":51,"column":null}},"type":"switch","locations":[{"start":{"line":18,"column":6},"end":{"line":23,"column":null}},{"start":{"line":24,"column":6},"end":{"line":29,"column":null}},{"start":{"line":30,"column":6},"end":{"line":35,"column":null}},{"start":{"line":36,"column":6},"end":{"line":41,"column":null}},{"start":{"line":42,"column":6},"end":{"line":47,"column":null}},{"start":{"line":48,"column":6},"end":{"line":50,"column":null}}]},"2":{"loc":{"start":{"line":19,"column":8},"end":{"line":21,"column":null}},"type":"if","locations":[{"start":{"line":19,"column":8},"end":{"line":21,"column":null}}]},"3":{"loc":{"start":{"line":25,"column":8},"end":{"line":27,"column":null}},"type":"if","locations":[{"start":{"line":25,"column":8},"end":{"line":27,"column":null}}]},"4":{"loc":{"start":{"line":31,"column":8},"end":{"line":33,"column":null}},"type":"if","locations":[{"start":{"line":31,"column":8},"end":{"line":33,"column":null}}]},"5":{"loc":{"start":{"line":37,"column":8},"end":{"line":39,"column":null}},"type":"if","locations":[{"start":{"line":37,"column":8},"end":{"line":39,"column":null}}]},"6":{"loc":{"start":{"line":43,"column":8},"end":{"line":45,"column":null}},"type":"if","locations":[{"start":{"line":43,"column":8},"end":{"line":45,"column":null}}]}},"s":{"0":2,"1":2,"2":2,"3":2,"4":2,"5":2,"6":2,"7":0,"8":2,"9":2,"10":2,"11":1,"12":0,"13":1,"14":0,"15":0,"16":0,"17":0,"18":0,"19":0,"20":1,"21":0,"22":1,"23":0,"24":0,"25":0,"26":0,"27":2,"28":2},"f":{"0":2,"1":2},"b":{"0":[0],"1":[1,0,0,1,0,0],"2":[0],"3":[0],"4":[0],"5":[0],"6":[0]}}
,"/Users/frankely/Code/slash/json-schema-validator/src/validators/boolean.validator.ts": {"path":"/Users/frankely/Code/slash/json-schema-validator/src/validators/boolean.validator.ts","statementMap":{"0":{"start":{"line":2,"column":2},"end":{"line":4,"column":null}},"1":{"start":{"line":1,"column":0},"end":{"line":1,"column":16}}},"fnMap":{"0":{"name":"validateBoolean","decl":{"start":{"line":1,"column":16},"end":{"line":1,"column":31}},"loc":{"start":{"line":1,"column":68},"end":{"line":5,"column":1}}}},"branchMap":{"0":{"loc":{"start":{"line":3,"column":4},"end":{"line":3,"column":80}},"type":"binary-expr","locations":[{"start":{"line":3,"column":4},"end":{"line":3,"column":29}},{"start":{"line":3,"column":33},"end":{"line":3,"column":80}}]}},"s":{"0":3,"1":3},"f":{"0":3},"b":{"0":[3,3]}}
,"/Users/frankely/Code/slash/json-schema-validator/src/validators/number.validator.ts": {"path":"/Users/frankely/Code/slash/json-schema-validator/src/validators/number.validator.ts","statementMap":{"0":{"start":{"line":2,"column":2},"end":{"line":2,"column":null}},"1":{"start":{"line":1,"column":0},"end":{"line":1,"column":16}}},"fnMap":{"0":{"name":"validateNumber","decl":{"start":{"line":1,"column":16},"end":{"line":1,"column":30}},"loc":{"start":{"line":1,"column":66},"end":{"line":3,"column":1}}}},"branchMap":{"0":{"loc":{"start":{"line":2,"column":9},"end":{"line":2,"column":65}},"type":"binary-expr","locations":[{"start":{"line":2,"column":9},"end":{"line":2,"column":33}},{"start":{"line":2,"column":37},"end":{"line":2,"column":65}}]}},"s":{"0":2,"1":3},"f":{"0":2},"b":{"0":[2,2]}}
,"/Users/frankely/Code/slash/json-schema-validator/src/validators/object.validator.ts": {"path":"/Users/frankely/Code/slash/json-schema-validator/src/validators/object.validator.ts","statementMap":{"0":{"start":{"line":1,"column":0},"end":{"line":1,"column":49}},"1":{"start":{"line":2,"column":0},"end":{"line":2,"column":53}},"2":{"start":{"line":3,"column":0},"end":{"line":3,"column":51}},"3":{"start":{"line":4,"column":0},"end":{"line":4,"column":51}},"4":{"start":{"line":7,"column":22},"end":{"line":7,"column":39}},"5":{"start":{"line":8,"column":29},"end":{"line":8,"column":50}},"6":{"start":{"line":9,"column":18},"end":{"line":9,"column":51}},"7":{"start":{"line":11,"column":2},"end":{"line":19,"column":null}},"8":{"start":{"line":12,"column":30},"end":{"line":13,"column":null}},"9":{"start":{"line":13,"column":26},"end":{"line":13,"column":60}},"10":{"start":{"line":16,"column":4},"end":{"line":18,"column":null}},"11":{"start":{"line":17,"column":6},"end":{"line":17,"column":null}},"12":{"start":{"line":21,"column":2},"end":{"line":59,"column":null}},"13":{"start":{"line":21,"column":15},"end":{"line":21,"column":16}},"14":{"start":{"line":22,"column":27},"end":{"line":22,"column":37}},"15":{"start":{"line":24,"column":4},"end":{"line":58,"column":null}},"16":{"start":{"line":26,"column":8},"end":{"line":28,"column":null}},"17":{"start":{"line":27,"column":10},"end":{"line":27,"column":null}},"18":{"start":{"line":29,"column":8},"end":{"line":29,"column":13}},"19":{"start":{"line":32,"column":8},"end":{"line":34,"column":null}},"20":{"start":{"line":33,"column":10},"end":{"line":33,"column":null}},"21":{"start":{"line":35,"column":8},"end":{"line":35,"column":13}},"22":{"start":{"line":38,"column":8},"end":{"line":40,"column":null}},"23":{"start":{"line":39,"column":10},"end":{"line":39,"column":null}},"24":{"start":{"line":41,"column":8},"end":{"line":41,"column":13}},"25":{"start":{"line":44,"column":8},"end":{"line":46,"column":null}},"26":{"start":{"line":45,"column":10},"end":{"line":45,"column":null}},"27":{"start":{"line":47,"column":8},"end":{"line":47,"column":13}},"28":{"start":{"line":50,"column":8},"end":{"line":52,"column":null}},"29":{"start":{"line":51,"column":10},"end":{"line":51,"column":null}},"30":{"start":{"line":53,"column":8},"end":{"line":53,"column":13}},"31":{"start":{"line":56,"column":8},"end":{"line":56,"column":null}},"32":{"start":{"line":61,"column":2},"end":{"line":61,"column":null}},"33":{"start":{"line":6,"column":0},"end":{"line":6,"column":16}}},"fnMap":{"0":{"name":"validateObject","decl":{"start":{"line":6,"column":16},"end":{"line":6,"column":30}},"loc":{"start":{"line":6,"column":66},"end":{"line":62,"column":1}}},"1":{"name":"(anonymous_1)","decl":{"start":{"line":13,"column":6},"end":{"line":13,"column":22}},"loc":{"start":{"line":13,"column":26},"end":{"line":13,"column":60}}}},"branchMap":{"0":{"loc":{"start":{"line":8,"column":29},"end":{"line":8,"column":50}},"type":"binary-expr","locations":[{"start":{"line":8,"column":29},"end":{"line":8,"column":44}},{"start":{"line":8,"column":48},"end":{"line":8,"column":50}}]},"1":{"loc":{"start":{"line":11,"column":2},"end":{"line":19,"column":null}},"type":"if","locations":[{"start":{"line":11,"column":2},"end":{"line":19,"column":null}}]},"2":{"loc":{"start":{"line":16,"column":4},"end":{"line":18,"column":null}},"type":"if","locations":[{"start":{"line":16,"column":4},"end":{"line":18,"column":null}}]},"3":{"loc":{"start":{"line":24,"column":4},"end":{"line":58,"column":null}},"type":"switch","locations":[{"start":{"line":25,"column":6},"end":{"line":30,"column":null}},{"start":{"line":31,"column":6},"end":{"line":36,"column":null}},{"start":{"line":37,"column":6},"end":{"line":42,"column":null}},{"start":{"line":43,"column":6},"end":{"line":48,"column":null}},{"start":{"line":49,"column":6},"end":{"line":54,"column":null}},{"start":{"line":55,"column":6},"end":{"line":57,"column":null}}]},"4":{"loc":{"start":{"line":26,"column":8},"end":{"line":28,"column":null}},"type":"if","locations":[{"start":{"line":26,"column":8},"end":{"line":28,"column":null}}]},"5":{"loc":{"start":{"line":32,"column":8},"end":{"line":34,"column":null}},"type":"if","locations":[{"start":{"line":32,"column":8},"end":{"line":34,"column":null}}]},"6":{"loc":{"start":{"line":38,"column":8},"end":{"line":40,"column":null}},"type":"if","locations":[{"start":{"line":38,"column":8},"end":{"line":40,"column":null}}]},"7":{"loc":{"start":{"line":44,"column":8},"end":{"line":46,"column":null}},"type":"if","locations":[{"start":{"line":44,"column":8},"end":{"line":46,"column":null}}]},"8":{"loc":{"start":{"line":50,"column":8},"end":{"line":52,"column":null}},"type":"if","locations":[{"start":{"line":50,"column":8},"end":{"line":52,"column":null}}]}},"s":{"0":2,"1":2,"2":2,"3":2,"4":4,"5":4,"6":4,"7":4,"8":2,"9":2,"10":2,"11":1,"12":3,"13":3,"14":4,"15":4,"16":4,"17":0,"18":4,"19":0,"20":0,"21":0,"22":0,"23":0,"24":0,"25":0,"26":0,"27":0,"28":0,"29":0,"30":0,"31":0,"32":3,"33":2},"f":{"0":4,"1":2},"b":{"0":[4,2],"1":[2],"2":[1],"3":[4,0,0,0,0,0],"4":[0],"5":[0],"6":[0],"7":[0],"8":[0]}}
,"/Users/frankely/Code/slash/json-schema-validator/src/validators/string.validator.ts": {"path":"/Users/frankely/Code/slash/json-schema-validator/src/validators/string.validator.ts","statementMap":{"0":{"start":{"line":2,"column":2},"end":{"line":4,"column":null}},"1":{"start":{"line":3,"column":4},"end":{"line":3,"column":null}},"2":{"start":{"line":5,"column":2},"end":{"line":5,"column":null}},"3":{"start":{"line":1,"column":0},"end":{"line":1,"column":16}}},"fnMap":{"0":{"name":"validateString","decl":{"start":{"line":1,"column":16},"end":{"line":1,"column":30}},"loc":{"start":{"line":1,"column":66},"end":{"line":6,"column":1}}}},"branchMap":{"0":{"loc":{"start":{"line":2,"column":2},"end":{"line":4,"column":null}},"type":"if","locations":[{"start":{"line":2,"column":2},"end":{"line":4,"column":null}}]}},"s":{"0":10,"1":4,"2":6,"3":3},"f":{"0":10},"b":{"0":[4]}}
}
