TN:
SF:src/validators/array.validator.ts
FN:6,validateArray
FN:16,(anonymous_1)
FNF:2
FNH:2
FNDA:2,validateArray
FNDA:2,(anonymous_1)
DA:1,2
DA:2,2
DA:3,2
DA:4,2
DA:6,2
DA:7,2
DA:8,2
DA:10,2
DA:11,0
DA:14,2
DA:16,2
DA:17,2
DA:19,1
DA:20,0
DA:22,1
DA:25,0
DA:26,0
DA:28,0
DA:31,0
DA:32,0
DA:34,0
DA:37,1
DA:38,0
DA:40,1
DA:43,0
DA:44,0
DA:46,0
DA:49,0
DA:54,2
LF:29
LH:16
BRDA:10,0,0,0
BRDA:17,1,0,1
BRDA:17,1,1,0
BRDA:17,1,2,0
BRDA:17,1,3,1
BRDA:17,1,4,0
BRDA:17,1,5,0
BRDA:19,2,0,0
BRDA:25,3,0,0
BRDA:31,4,0,0
BRDA:37,5,0,0
BRDA:43,6,0,0
BRF:12
BRH:2
end_of_record
TN:
SF:src/validators/boolean.validator.ts
FN:1,validateBoolean
FNF:1
FNH:1
FNDA:3,validateBoolean
DA:1,3
DA:2,3
LF:2
LH:2
BRDA:3,0,0,3
BRDA:3,0,1,3
BRF:2
BRH:2
end_of_record
TN:
SF:src/validators/number.validator.ts
FN:1,validateNumber
FNF:1
FNH:1
FNDA:2,validateNumber
DA:1,3
DA:2,2
LF:2
LH:2
BRDA:2,0,0,2
BRDA:2,0,1,2
BRF:2
BRH:2
end_of_record
TN:
SF:src/validators/object.validator.ts
FN:6,validateObject
FN:13,(anonymous_1)
FNF:2
FNH:2
FNDA:4,validateObject
FNDA:2,(anonymous_1)
DA:1,2
DA:2,2
DA:3,2
DA:4,2
DA:6,2
DA:7,4
DA:8,4
DA:9,4
DA:11,4
DA:12,2
DA:13,2
DA:16,2
DA:17,1
DA:21,3
DA:22,4
DA:24,4
DA:26,4
DA:27,0
DA:29,4
DA:32,0
DA:33,0
DA:35,0
DA:38,0
DA:39,0
DA:41,0
DA:44,0
DA:45,0
DA:47,0
DA:50,0
DA:51,0
DA:53,0
DA:56,0
DA:61,3
LF:33
LH:19
BRDA:8,0,0,4
BRDA:8,0,1,2
BRDA:11,1,0,2
BRDA:16,2,0,1
BRDA:24,3,0,4
BRDA:24,3,1,0
BRDA:24,3,2,0
BRDA:24,3,3,0
BRDA:24,3,4,0
BRDA:24,3,5,0
BRDA:26,4,0,0
BRDA:32,5,0,0
BRDA:38,6,0,0
BRDA:44,7,0,0
BRDA:50,8,0,0
BRF:15
BRH:5
end_of_record
TN:
SF:src/validators/string.validator.ts
FN:1,validateString
FNF:1
FNH:1
FNDA:10,validateString
DA:1,3
DA:2,10
DA:3,4
DA:5,6
LF:4
LH:4
BRDA:2,0,0,4
BRF:1
BRH:1
end_of_record
